Using pre-set license
Built from '2022.3/china_unity/release' branch; Version is '2022.3.40f1c1 (0bae6c114c78) revision 765548'; Using compiler version '192829333'; Build Type 'Release'
OS: 'Windows 11  (10.0.22631) 64bit CoreCountrySpecific' Language: 'zh' Physical Memory: 40651 MB
BatchMode: 1, IsHumanControllingUs: 0, StartBugReporterOnCrash: 0, Is64bit: 1, IsPro: 1

COMMAND LINE ARGUMENTS:
D:\Program Files\Unity\Hub\Editor\2022.3.40f1c1\Editor\Unity.exe
-adb2
-batchMode
-noUpm
-name
AssetImportWorker0
-projectPath
E:/Unity-Projects/Github_repo/VolumeRendering/VolumeRendering
-logFile
Logs/AssetImportWorker0.log
-srvPort
65267
Successfully changed project path to: E:/Unity-Projects/Github_repo/VolumeRendering/VolumeRendering
E:/Unity-Projects/Github_repo/VolumeRendering/VolumeRendering
[UnityMemory] Configuration Parameters - Can be set up in boot.config
    "memorysetup-bucket-allocator-granularity=16"
    "memorysetup-bucket-allocator-bucket-count=8"
    "memorysetup-bucket-allocator-block-size=33554432"
    "memorysetup-bucket-allocator-block-count=8"
    "memorysetup-main-allocator-block-size=16777216"
    "memorysetup-thread-allocator-block-size=16777216"
    "memorysetup-gfx-main-allocator-block-size=16777216"
    "memorysetup-gfx-thread-allocator-block-size=16777216"
    "memorysetup-cache-allocator-block-size=4194304"
    "memorysetup-typetree-allocator-block-size=2097152"
    "memorysetup-profiler-bucket-allocator-granularity=16"
    "memorysetup-profiler-bucket-allocator-bucket-count=8"
    "memorysetup-profiler-bucket-allocator-block-size=33554432"
    "memorysetup-profiler-bucket-allocator-block-count=8"
    "memorysetup-profiler-allocator-block-size=16777216"
    "memorysetup-profiler-editor-allocator-block-size=1048576"
    "memorysetup-temp-allocator-size-main=16777216"
    "memorysetup-job-temp-allocator-block-size=2097152"
    "memorysetup-job-temp-allocator-block-size-background=1048576"
    "memorysetup-job-temp-allocator-reduction-small-platforms=262144"
    "memorysetup-allocator-temp-initial-block-size-main=262144"
    "memorysetup-allocator-temp-initial-block-size-worker=262144"
    "memorysetup-temp-allocator-size-background-worker=32768"
    "memorysetup-temp-allocator-size-job-worker=262144"
    "memorysetup-temp-allocator-size-preload-manager=33554432"
    "memorysetup-temp-allocator-size-nav-mesh-worker=65536"
    "memorysetup-temp-allocator-size-audio-worker=65536"
    "memorysetup-temp-allocator-size-cloud-worker=32768"
    "memorysetup-temp-allocator-size-gi-baking-worker=262144"
    "memorysetup-temp-allocator-size-gfx=262144"
Player connection [52064]  Target information:

Player connection [52064]  * "[IP] 192.168.1.105 [Port] 0 [Flags] 2 [Guid] 1937187899 [EditorId] 1937187899 [Version] 1048832 [Id] WindowsEditor(7,Timro) [Debug] 1 [PackageName] WindowsEditor [ProjectName] Editor" 

Player connection [52064] Host joined multi-casting on [225.0.0.222:54997]...
Player connection [52064] Host joined alternative multi-casting on [225.0.0.222:34997]...
[PhysX] Initialized MultithreadedTaskDispatcher with 20 workers.
Refreshing native plugins compatible for Editor in 12.61 ms, found 3 plugins.
Preloading 0 native plugins for Editor in 0.00 ms.
Initialize engine version: 2022.3.40f1c1 (0bae6c114c78)
[Subsystems] Discovering subsystems at path D:/Program Files/Unity/Hub/Editor/2022.3.40f1c1/Editor/Data/Resources/UnitySubsystems
[Subsystems] Discovering subsystems at path E:/Unity-Projects/Github_repo/VolumeRendering/VolumeRendering/Assets
GfxDevice: creating device client; threaded=0; jobified=0
Direct3D:
    Version:  Direct3D 11.0 [level 11.1]
    Renderer: NVIDIA GeForce RTX 3060 Laptop GPU (ID=0x2520)
    Vendor:   NVIDIA
    VRAM:     5996 MB
    Driver:   32.0.15.6070
Initialize mono
Mono path[0] = 'D:/Program Files/Unity/Hub/Editor/2022.3.40f1c1/Editor/Data/Managed'
Mono path[1] = 'D:/Program Files/Unity/Hub/Editor/2022.3.40f1c1/Editor/Data/MonoBleedingEdge/lib/mono/unityjit-win32'
Mono config path = 'D:/Program Files/Unity/Hub/Editor/2022.3.40f1c1/Editor/Data/MonoBleedingEdge/etc'
Using monoOptions --debugger-agent=transport=dt_socket,embedding=1,server=y,suspend=n,address=127.0.0.1:56304
Begin MonoManager ReloadAssembly
Registering precompiled unity dll's ...
Register platform support module: D:/Program Files/Unity/Hub/Editor/2022.3.40f1c1/Editor/Data/PlaybackEngines/WindowsStandaloneSupport/UnityEditor.WindowsStandalone.Extensions.dll
Registered in 0.008263 seconds.
- Loaded All Assemblies, in  0.367 seconds
Native extension for WindowsStandalone target not found
Mono: successfully reloaded assembly
- Finished resetting the current domain, in  0.264 seconds
Domain Reload Profiling: 628ms
	BeginReloadAssembly (125ms)
		ExecutionOrderSort (0ms)
		DisableScriptedObjects (0ms)
		BackupInstance (0ms)
		ReleaseScriptingObjects (0ms)
		CreateAndSetChildDomain (1ms)
	RebuildCommonClasses (35ms)
	RebuildNativeTypeToScriptingClass (10ms)
	initialDomainReloadingComplete (67ms)
	LoadAllAssembliesAndSetupDomain (125ms)
		LoadAssemblies (121ms)
		RebuildTransferFunctionScriptingTraits (0ms)
		AnalyzeDomain (123ms)
			TypeCache.Refresh (121ms)
				TypeCache.ScanAssembly (109ms)
			ScanForSourceGeneratedMonoScriptInfo (0ms)
			ResolveRequiredComponents (1ms)
	FinalizeReload (265ms)
		ReleaseScriptCaches (0ms)
		RebuildScriptCaches (0ms)
		SetupLoadedEditorAssemblies (220ms)
			LogAssemblyErrors (0ms)
			InitializePlatformSupportModulesInManaged (9ms)
			SetLoadedEditorAssemblies (7ms)
			RefreshPlugins (0ms)
			BeforeProcessingInitializeOnLoad (2ms)
			ProcessInitializeOnLoadAttributes (148ms)
			ProcessInitializeOnLoadMethodAttributes (54ms)
			AfterProcessingInitializeOnLoad (0ms)
			EditorAssembliesLoaded (0ms)
		ExecutionOrderSort2 (0ms)
		AwakeInstancesAfterBackupRestoration (0ms)
========================================================================
Worker process is ready to serve import requests
Caller must complete domain reload
Begin MonoManager ReloadAssembly
- Loaded All Assemblies, in  0.632 seconds
Native extension for WindowsStandalone target not found
Mono: successfully reloaded assembly
- Finished resetting the current domain, in  0.498 seconds
Domain Reload Profiling: 1123ms
	BeginReloadAssembly (159ms)
		ExecutionOrderSort (0ms)
		DisableScriptedObjects (6ms)
		BackupInstance (0ms)
		ReleaseScriptingObjects (0ms)
		CreateAndSetChildDomain (20ms)
	RebuildCommonClasses (34ms)
	RebuildNativeTypeToScriptingClass (13ms)
	initialDomainReloadingComplete (65ms)
	LoadAllAssembliesAndSetupDomain (354ms)
		LoadAssemblies (294ms)
		RebuildTransferFunctionScriptingTraits (0ms)
		AnalyzeDomain (156ms)
			TypeCache.Refresh (138ms)
				TypeCache.ScanAssembly (127ms)
			ScanForSourceGeneratedMonoScriptInfo (12ms)
			ResolveRequiredComponents (4ms)
	FinalizeReload (499ms)
		ReleaseScriptCaches (0ms)
		RebuildScriptCaches (0ms)
		SetupLoadedEditorAssemblies (375ms)
			LogAssemblyErrors (0ms)
			InitializePlatformSupportModulesInManaged (6ms)
			SetLoadedEditorAssemblies (3ms)
			RefreshPlugins (0ms)
			BeforeProcessingInitializeOnLoad (53ms)
			ProcessInitializeOnLoadAttributes (283ms)
			ProcessInitializeOnLoadMethodAttributes (19ms)
			AfterProcessingInitializeOnLoad (10ms)
			EditorAssembliesLoaded (0ms)
		ExecutionOrderSort2 (0ms)
		AwakeInstancesAfterBackupRestoration (10ms)
Launched and connected shader compiler UnityShaderCompiler.exe after 0.04 seconds
Refreshing native plugins compatible for Editor in 2.92 ms, found 3 plugins.
Preloading 0 native plugins for Editor in 0.00 ms.
Unloading 3129 Unused Serialized files (Serialized files now loaded: 0)
Unloading 19 unused Assets / (54.9 KB). Loaded Objects now: 3595.
Memory consumption went from 125.8 MB to 125.8 MB.
Total: 2.713000 ms (FindLiveObjects: 0.216200 ms CreateObjectMapping: 0.074000 ms MarkObjects: 2.339500 ms  DeleteObjects: 0.082000 ms)

AssetImportParameters requested are different than current active one (requested -> active):
  custom:container-demuxer-ogg: 62fdf1f143b41e24485cea50d1cbac27 -> 
  custom:video-codec-MediaFoundation-h265: 746d11721c4dcdbdad8f713fa42b33f4 -> 
  custom:video-decoder-ogg-theora: a1e56fd34408186e4bbccfd4996cb3dc -> 
  custom:framework-win-MediaFoundation: 216162199b28c13a410421893ffa2e32 -> 
  custom:CustomObjectIndexerAttribute: 9a22284fe3817be447336de3de66b15e -> 
  custom:container-demuxer-webm: 4f35f7cbe854078d1ac9338744f61a02 -> 
  custom:container-muxer-webm: aa71ff27fc2769a1b78a27578f13a17b -> 
  custom:video-decoder-webm-vp8: 9c59270c3fd7afecdb556c50c9e8de78 -> 
  custom:SearchIndexIgnoredProperties: e643bd26f0fe6173181afceb89e7c659 -> 
  custom:AudioImporter_EditorPlatform: d09bf68614088b80899f8185d706f6e7 -> 
  custom:video-encoder-webm-vp8: eb34c28f22e8b96e1ab97ce403110664 -> 
  custom:audio-decoder-ogg-vorbis: bf7c407c2cedff20999df2af8eb42d56 -> 
  custom:audio-encoder-webm-vorbis: bf7c407c2cedff20999df2af8eb42d56 -> 
========================================================================
Received Import Request.
  Time since last request: 516662.658507 seconds.
  path: Assets/VolumeCloud/Shaders/7-CloudLitOccusion.shader
  artifactKey: Guid(9ea43fbe247900f4eb156139fb83c679) Importer(815301076,1909f56bfc062723c751e8b465ee728b)
Start importing Assets/VolumeCloud/Shaders/7-CloudLitOccusion.shader using Guid(9ea43fbe247900f4eb156139fb83c679) Importer(815301076,1909f56bfc062723c751e8b465ee728b) [PhysX] Initialized MultithreadedTaskDispatcher with 20 workers.
 -> (artifact id: '65560327d98c102154490b3eaf2b9b78') in 0.010998 seconds
Number of updated asset objects reloaded before import = 0
Number of asset objects unloaded after import = 0
========================================================================
Received Import Request.
  Time since last request: 84.666494 seconds.
  path: Assets/VolumeCloud/Shaders/6-CloudLitOpti.shader
  artifactKey: Guid(5b33469308c013e4d963938ce582837c) Importer(815301076,1909f56bfc062723c751e8b465ee728b)
Start importing Assets/VolumeCloud/Shaders/6-CloudLitOpti.shader using Guid(5b33469308c013e4d963938ce582837c) Importer(815301076,1909f56bfc062723c751e8b465ee728b) [PhysX] Initialized MultithreadedTaskDispatcher with 20 workers.
 -> (artifact id: '87cbe3eeae2f9d0b310e50cc86937b45') in 0.000708 seconds
Number of updated asset objects reloaded before import = 1
Number of asset objects unloaded after import = 0
========================================================================
Received Import Request.
  Time since last request: 41.647114 seconds.
  path: Assets/VolumeCloud/Shaders/8-CloudLitInside.shader
  artifactKey: Guid(3a6942c870b60eb4cbea3117d3a05047) Importer(815301076,1909f56bfc062723c751e8b465ee728b)
Start importing Assets/VolumeCloud/Shaders/8-CloudLitInside.shader using Guid(3a6942c870b60eb4cbea3117d3a05047) Importer(815301076,1909f56bfc062723c751e8b465ee728b) [PhysX] Initialized MultithreadedTaskDispatcher with 20 workers.
 -> (artifact id: '77b1dab0ca06e93f300457471eecbd60') in 0.000896 seconds
Number of updated asset objects reloaded before import = 0
Number of asset objects unloaded after import = 0
========================================================================
Received Import Request.
  Time since last request: 1472.163534 seconds.
  path: Assets/VolumeCloud/Shaders/8-CloudLitInside.shader
  artifactKey: Guid(3a6942c870b60eb4cbea3117d3a05047) Importer(815301076,1909f56bfc062723c751e8b465ee728b)
Start importing Assets/VolumeCloud/Shaders/8-CloudLitInside.shader using Guid(3a6942c870b60eb4cbea3117d3a05047) Importer(815301076,1909f56bfc062723c751e8b465ee728b) [PhysX] Initialized MultithreadedTaskDispatcher with 20 workers.
 -> (artifact id: '73bf8132e1b46976baa9633daf140ee2') in 0.000716 seconds
Number of updated asset objects reloaded before import = 1
Number of asset objects unloaded after import = 0
========================================================================
Received Import Request.
  Time since last request: 12.094631 seconds.
  path: Assets/VolumeCloud/Shaders/8-CloudLitInside.shader
  artifactKey: Guid(3a6942c870b60eb4cbea3117d3a05047) Importer(815301076,1909f56bfc062723c751e8b465ee728b)
Start importing Assets/VolumeCloud/Shaders/8-CloudLitInside.shader using Guid(3a6942c870b60eb4cbea3117d3a05047) Importer(815301076,1909f56bfc062723c751e8b465ee728b) [PhysX] Initialized MultithreadedTaskDispatcher with 20 workers.
 -> (artifact id: 'c7a3a2391018de868e96e7d780d120f6') in 0.000629 seconds
Number of updated asset objects reloaded before import = 1
Number of asset objects unloaded after import = 0
========================================================================
Received Import Request.
  Time since last request: 23.232951 seconds.
  path: Assets/VolumeCloud/Shaders/8-CloudLitInside.shader
  artifactKey: Guid(3a6942c870b60eb4cbea3117d3a05047) Importer(815301076,1909f56bfc062723c751e8b465ee728b)
Start importing Assets/VolumeCloud/Shaders/8-CloudLitInside.shader using Guid(3a6942c870b60eb4cbea3117d3a05047) Importer(815301076,1909f56bfc062723c751e8b465ee728b) [PhysX] Initialized MultithreadedTaskDispatcher with 20 workers.
 -> (artifact id: 'b8f951acf6227eb1d6ebea045588152c') in 0.000626 seconds
Number of updated asset objects reloaded before import = 1
Number of asset objects unloaded after import = 0
========================================================================
Received Import Request.
  Time since last request: 20.296747 seconds.
  path: Assets/VolumeCloud/Shaders/8-CloudLitInside.shader
  artifactKey: Guid(3a6942c870b60eb4cbea3117d3a05047) Importer(815301076,1909f56bfc062723c751e8b465ee728b)
Start importing Assets/VolumeCloud/Shaders/8-CloudLitInside.shader using Guid(3a6942c870b60eb4cbea3117d3a05047) Importer(815301076,1909f56bfc062723c751e8b465ee728b) [PhysX] Initialized MultithreadedTaskDispatcher with 20 workers.
 -> (artifact id: 'cbb73641b26888c9230e5bad88cfb0c1') in 0.000608 seconds
Number of updated asset objects reloaded before import = 1
Number of asset objects unloaded after import = 0
========================================================================
Received Import Request.
  Time since last request: 21.546183 seconds.
  path: Assets/VolumeCloud/Shaders/8-CloudLitInside.shader
  artifactKey: Guid(3a6942c870b60eb4cbea3117d3a05047) Importer(815301076,1909f56bfc062723c751e8b465ee728b)
Start importing Assets/VolumeCloud/Shaders/8-CloudLitInside.shader using Guid(3a6942c870b60eb4cbea3117d3a05047) Importer(815301076,1909f56bfc062723c751e8b465ee728b) [PhysX] Initialized MultithreadedTaskDispatcher with 20 workers.
 -> (artifact id: '8423234bbd172b54d55436f0bf41c83a') in 0.000619 seconds
Number of updated asset objects reloaded before import = 1
Number of asset objects unloaded after import = 0
========================================================================
Received Import Request.
  Time since last request: 71.590067 seconds.
  path: Assets/VolumeCloud/Shaders/8-CloudLitInside.shader
  artifactKey: Guid(3a6942c870b60eb4cbea3117d3a05047) Importer(815301076,1909f56bfc062723c751e8b465ee728b)
Start importing Assets/VolumeCloud/Shaders/8-CloudLitInside.shader using Guid(3a6942c870b60eb4cbea3117d3a05047) Importer(815301076,1909f56bfc062723c751e8b465ee728b) [PhysX] Initialized MultithreadedTaskDispatcher with 20 workers.
 -> (artifact id: '23b190112ded1de1960aa2ca83022065') in 0.000652 seconds
Number of updated asset objects reloaded before import = 1
Number of asset objects unloaded after import = 0
========================================================================
Received Import Request.
  Time since last request: 6.343030 seconds.
  path: Assets/VolumeCloud/Shaders/8-CloudLitInside.shader
  artifactKey: Guid(3a6942c870b60eb4cbea3117d3a05047) Importer(815301076,1909f56bfc062723c751e8b465ee728b)
Start importing Assets/VolumeCloud/Shaders/8-CloudLitInside.shader using Guid(3a6942c870b60eb4cbea3117d3a05047) Importer(815301076,1909f56bfc062723c751e8b465ee728b) [PhysX] Initialized MultithreadedTaskDispatcher with 20 workers.
 -> (artifact id: '5b1ff5646c9a6e2d2cd60acf9b9bc46a') in 0.000719 seconds
Number of updated asset objects reloaded before import = 1
Number of asset objects unloaded after import = 0
========================================================================
Received Import Request.
  Time since last request: 5.977755 seconds.
  path: Assets/VolumeCloud/Shaders/8-CloudLitInside.shader
  artifactKey: Guid(3a6942c870b60eb4cbea3117d3a05047) Importer(815301076,1909f56bfc062723c751e8b465ee728b)
Start importing Assets/VolumeCloud/Shaders/8-CloudLitInside.shader using Guid(3a6942c870b60eb4cbea3117d3a05047) Importer(815301076,1909f56bfc062723c751e8b465ee728b) [PhysX] Initialized MultithreadedTaskDispatcher with 20 workers.
 -> (artifact id: '921e2d53021c8ea1726b216cb84d0b90') in 0.000617 seconds
Number of updated asset objects reloaded before import = 1
Number of asset objects unloaded after import = 0
========================================================================
Received Import Request.
  Time since last request: 37.103705 seconds.
  path: Assets/VolumeCloud/Shaders/8-CloudLitInside.shader
  artifactKey: Guid(3a6942c870b60eb4cbea3117d3a05047) Importer(815301076,1909f56bfc062723c751e8b465ee728b)
Start importing Assets/VolumeCloud/Shaders/8-CloudLitInside.shader using Guid(3a6942c870b60eb4cbea3117d3a05047) Importer(815301076,1909f56bfc062723c751e8b465ee728b) [PhysX] Initialized MultithreadedTaskDispatcher with 20 workers.
 -> (artifact id: '01009938e0c8250166eb2f44898e0a77') in 0.000613 seconds
Number of updated asset objects reloaded before import = 1
Number of asset objects unloaded after import = 0
